Microsoft (R) Macro Assembler  Version 4.00                 11/28/25 13:43:40
                                                            Page     1-1
                                                            

                                ﻿ 
exe2bin.asm(1) : error 10: Syntax error 
                                 
                                ; 
                                ; +--------------------------------------------
				-----------------------------+ 
                                ; |   This file has been generated by The Inter
				active Disassembler (IDA)    | 
                                ; |           Copyright (c) 2017 Hex-Rays, <sup
				port@hex-rays.com>           | 
                                ; |                      License info: 48-3FBD-
				7F04-2C                      | 
                                ; |                      Jiang Ying, Personal l
				icense                       | 
                                ; +--------------------------------------------
				-----------------------------+ 
                                ; 
                                ; Input SHA256 : 143F77D8BA0747B1F15FFC35DC3301
				1BEBC98E6CA8530B2E4D6367EDDAB930E9 
                                ; Input MD5    : 97D848F6216DFB22428793E8F09877
				FF 
                                ; Input CRC32  : B5ED7323 
                                 
                                ; File Name   : D:\Working\MS-DOS\v1.25\bin\EXE
				-SRC\EXE2BIN.EXE 
                                ; Format      : MS-DOS executable (EXE) 
                                ; Base Address: 1000h Range: 10000h-10351h Load
				ed length: 2CCh 
                                ; Entry Point : 1000:0 
                                 
                                                .8086 
                                                .model large 
exe2bin.asm(21) : error 10: Syntax error 
                                 
                                ; =============================================
				============================== 
                                 
                                ; Segment type: Pure code 
 0000                           seg000          segment byte public 'CODE' 
                                                assume cs:seg000 
                                                assume es:nothing, ss:seg002, d
				s:nothing 
                                 
                                ; =============== S U B R O U T I N E =========
				============================== 
                                 
                                 
                                                public start 
 0000                           start           proc far 
 0000  BE 0081                                  mov     si, 81h 
 0003  BF 009B                                  mov     di, 9Bh 
 0006  1E                                       push    ds 
 0007  33 C0                                    xor     ax, ax 
 0009  50                                       push    ax 
Microsoft (R) Macro Assembler  Version 4.00                 11/28/25 13:43:40
                                                            Page     1-2
                                                            

 000A  8B 1E 0002                               mov     bx, ds:2 
 000E  BA ---- R                                mov     dx, seg seg001 
 0011  8E C2                                    mov     es, dx 
                                                assume es:seg001 
 0013  B8 2909                                  mov     ax, 2909h 
 0016  CD 21                                    int     21h             ; DOS -
				 PARSE FILENAME 
                                                                        ; DS:SI
				 -> string to parse 
                                                                        ; ES:DI
				 -> buffer to fill with unopened FCB 
                                                                        ; AL = 
				bit mask to control parsing 
 0018  56                                       push    si 
 0019  1E                                       push    ds 
 001A  BE 009B                                  mov     si, 9Bh 
 001D  BF 00C0                                  mov     di, 0C0h 
 0020  8E DA                                    mov     ds, dx 
                                                assume ds:nothing 
 0022  B9 0009                                  mov     cx, 9 
 0025  F3/ A4                                   rep movsb 
 0027  1F                                       pop     ds 
 0028  5E                                       pop     si 
 0029  BF 00C0                                  mov     di, 0C0h 
 002C  B8 290F                                  mov     ax, 290Fh 
 002F  CD 21                                    int     21h             ; DOS -
				 PARSE FILENAME 
                                                                        ; DS:SI
				 -> string to parse 
                                                                        ; ES:DI
				 -> buffer to fill with unopened FCB 
                                                                        ; AL = 
				bit mask to control parsing 
 0031  8E DA                                    mov     ds, dx 
 0033  B4 0F                                    mov     ah, 0Fh 
 0035  BA 009B                                  mov     dx, 9Bh 
 0038  CD 21                                    int     21h             ; DOS -
				 OPEN DISK FILE 
                                                                        ; DS:DX
				 -> FCB 
                                                                        ; Retur
				n: AL = 00h file found, FFh file not found 
 003A  0A C0                                    or      al, al 
 003C  74 11                                    jz      short loc_10050 
 003E  BA 000A                                  mov     dx, 0Ah 
                                 
 0041                           loc_10041:                              ; CODE 
				XREF: start+49↓j 
                                                                        ; start
				:loc_1004E↓j ... 
 0041  B4 09                                    mov     ah, 9 
 0043  CD 21                                    int     21h             ; DOS -
				 PRINT STRING 
                                                                        ; DS:DX
Microsoft (R) Macro Assembler  Version 4.00                 11/28/25 13:43:40
                                                            Page     1-3
                                                            

				 -> string terminated by "$" 
                                                retf 
exe2bin.asm(80) : error 10: Syntax error 
                                ; ---------------------------------------------
				------------------------------ 
                                 
 0045                           loc_10046:                              ; CODE 
				XREF: start+78↓j 
                                                                        ; start
				+92↓j ... 
 0045  BA 0019                                  mov     dx, 19h 
 0048  EB F7                                    jmp     short loc_10041 
                                ; ---------------------------------------------
				------------------------------ 
                                 
 004A                           loc_1004B:                              ; CODE 
				XREF: start+6D↓j 
                                                                        ; start
				+150↓j ... 
 004A  BA 0082                                  mov     dx, 82h 
                                 
 004D                           loc_1004E:                              ; CODE 
				XREF: start:loc_100CA↓j 
 004D  EB F2                                    jmp     short loc_10041 
                                ; ---------------------------------------------
				------------------------------ 
                                 
 004F                           loc_10050:                              ; CODE 
				XREF: start+3C↑j 
 004F  BA 00EC                                  mov     dx, 0ECh 
 0052  B4 1A                                    mov     ah, 1Ah 
 0054  CD 21                                    int     21h             ; DOS -
				 SET DISK TRANSFER AREA ADDRESS 
                                                                        ; DS:DX
				 -> disk transfer buffer 
 0056  C7 06 00A9 0001                          mov     word ptr ds:0A9h, 1 
 005C  B9 001A                                  mov     cx, 1Ah 
 005F  BA 009B                                  mov     dx, 9Bh 
 0062  B4 27                                    mov     ah, 27h 
 0064  CD 21                                    int     21h             ; DOS -
				 RANDOM BLOCK READ 
                                                                        ; DS:DX
				 -> FCB 
                                                                        ; CX = 
				number of records to be read 
 0066  81 3E 00EC 5A4D                          cmp     word ptr ds:0ECh, 5A4Dh
				 
 006C  75 DC                                    jnz     short loc_1004B 
 006E  A1 00F4                                  mov     ax, ds:0F4h 
 0071  05 001F                                  add     ax, 1Fh 
 0074  3D 1000                                  cmp     ax, 1000h 
 0077  73 CC                                    jnb     short loc_10046 
 0079  25 FFE0                                  and     ax, 0FFE0h 
 007C  B1 04                                    mov     cl, 4 
Microsoft (R) Macro Assembler  Version 4.00                 11/28/25 13:43:40
                                                            Page     1-4
                                                            

 007E  D3 E0                                    shl     ax, cl 
 0080  A3 00BC                                  mov     ds:0BCh, ax 
 0083  86 C4                                    xchg    al, ah 
 0085  D1 E8                                    shr     ax, 1 
 0087  8B 16 00F0                               mov     dx, ds:0F0h 
 008B  2B D0                                    sub     dx, ax 
 008D  81 FA 0080                               cmp     dx, 80h ; '€' 
 0091  73 B2                                    jnb     short loc_10046 
 0093  86 F2                                    xchg    dh, dl 
 0095  D1 E2                                    shl     dx, 1 
 0097  A1 00EE                                  mov     ax, ds:0EEh 
 009A  0B C0                                    or      ax, ax 
 009C  74 0B                                    jz      short loc_100AA 
 009E  3D 0004                                  cmp     ax, 4 
 00A1  74 06                                    jz      short loc_100AA 
 00A3  81 EA 0200                               sub     dx, 200h 
 00A7  03 D0                                    add     dx, ax 
                                 
 00A9                           loc_100AA:                              ; CODE 
				XREF: start+9D↑j 
                                                                        ; start
				+A2↑j 
 00A9  89 16 00F0                               mov     ds:0F0h, dx 
 00AD  83 C2 0F                                 add     dx, 0Fh 
 00B0  D3 EA                                    shr     dx, cl 
 00B2  BD ---- R                                mov     bp, seg seg003 
 00B5  03 D5                                    add     dx, bp 
 00B7  3B D3                                    cmp     dx, bx 
 00B9  77 8A                                    ja      short loc_10046 
 00BB  BA 0082                                  mov     dx, 82h 
 00BE  A1 00FA                                  mov     ax, ds:0FAh 
 00C1  0B 06 00FC                               or      ax, ds:0FCh 
 00C5  0B 06 0102                               or      ax, ds:102h 
                                 
 00C9                           loc_100CA:                              ; CODE 
				XREF: start+D6↓j 
                                                                        ; start
				+E5↓j 
 00C9  75 82                                    jnz     short loc_1004E 
 00CB  A1 0100                                  mov     ax, ds:100h 
 00CE  0B C0                                    or      ax, ax 
 00D0  74 14                                    jz      short loc_100E7 
 00D2  3D 0100                                  cmp     ax, 100h 
 00D5  75 F2                                    jnz     short loc_100CA 
 00D7  FE 06 00BD                               inc     byte ptr ds:0BDh 
 00DB  29 06 00F0                               sub     ds:0F0h, ax 
 00DF  83 3E 00F2 00                            cmp     word ptr ds:0F2h, 0 
 00E4  75 E3                                    jnz     short loc_100CA 
                                 
 00E6                           loc_100E7:                              ; CODE 
				XREF: start+D1↑j 
 00E6  33 DB                                    xor     bx, bx 
 00E8  83 3E 00F2 00                            cmp     word ptr ds:0F2h, 0 
 00ED  74 45                                    jz      short loc_10135 
Microsoft (R) Macro Assembler  Version 4.00                 11/28/25 13:43:40
                                                            Page     1-5
                                                            

                                 
 00EF                           loc_100F0:                              ; CODE 
				XREF: start+10C↓j 
                                                                        ; start
				+133↓j 
 00EF  BA 0059                                  mov     dx, 59h ; 'Y' 
 00F2  B4 09                                    mov     ah, 9 
 00F4  CD 21                                    int     21h             ; DOS -
				 PRINT STRING 
                                                                        ; DS:DX
				 -> string terminated by "$" 
 00F6  B4 0A                                    mov     ah, 0Ah 
 00F8  BA 00E5                                  mov     dx, 0E5h 
 00FB  CD 21                                    int     21h             ; DOS -
				 BUFFERED KEYBOARD INPUT 
                                                                        ; DS:DX
				 -> buffer 
 00FD  BA 007F                                  mov     dx, 7Fh 
 0100  B4 09                                    mov     ah, 9 
 0102  CD 21                                    int     21h             ; DOS -
				 PRINT STRING 
                                                                        ; DS:DX
				 -> string terminated by "$" 
 0104  BE 00E7                                  mov     si, 0E7h 
 0107  C6 44 FF 00                              mov     byte ptr [si-1], 0 
 010B  74 E2                                    jz      short loc_100F0 
                                 
 010D                           loc_1010E:                              ; CODE 
				XREF: start+12D↓j 
 010D  AC                                       lodsb 
 010E  2C 30                                    sub     al, 30h ; '0' 
 0110  72 1C                                    jb      short loc_1012F 
 0112  3C 0A                                    cmp     al, 0Ah 
 0114  72 0C                                    jb      short loc_10123 
 0116  24 5F                                    and     al, 5Fh 
 0118  2C 07                                    sub     al, 7 
 011A  3C 0A                                    cmp     al, 0Ah 
 011C  72 10                                    jb      short loc_1012F 
 011E  3C 10                                    cmp     al, 10h 
 0120  73 0C                                    jnb     short loc_1012F 
                                 
 0122                           loc_10123:                              ; CODE 
				XREF: start+115↑j 
 0122  D1 E3                                    shl     bx, 1 
 0124  D1 E3                                    shl     bx, 1 
 0126  D1 E3                                    shl     bx, 1 
 0128  D1 E3                                    shl     bx, 1 
 012A  0A D8                                    or      bl, al 
 012C  EB DF                                    jmp     short loc_1010E 
                                ; ---------------------------------------------
				------------------------------ 
                                 
 012E                           loc_1012F:                              ; CODE 
				XREF: start+111↑j 
Microsoft (R) Macro Assembler  Version 4.00                 11/28/25 13:43:40
                                                            Page     1-6
                                                            

                                                                        ; start
				+11D↑j ... 
 012E  80 7C FF 0D                              cmp     byte ptr [si-1], 0Dh 
 0132  75 BB                                    jnz     short loc_100F0 
                                 
 0134                           loc_10135:                              ; CODE 
				XREF: start+EE↑j 
 0134  87 DD                                    xchg    bx, bp 
 0136  1E                                       push    ds 
 0137  8E DB                                    mov     ds, bx 
 0139  33 D2                                    xor     dx, dx 
 013B  B4 1A                                    mov     ah, 1Ah 
 013D  CD 21                                    int     21h             ; DOS -
				 SET DISK TRANSFER AREA ADDRESS 
                                                                        ; DS:DX
				 -> disk transfer buffer 
 013F  1F                                       pop     ds 
 0140  8B 0E 00F0                               mov     cx, ds:0F0h 
 0144  BA 009B                                  mov     dx, 9Bh 
 0147  B4 27                                    mov     ah, 27h 
 0149  CD 21                                    int     21h             ; DOS -
				 RANDOM BLOCK READ 
                                                                        ; DS:DX
				 -> FCB 
                                                                        ; CX = 
				number of records to be read 
 014B  0A C0                                    or      al, al 
 014D  74 03                                    jz      short loc_10153 
 014F  E9 004A R                                jmp     loc_1004B 
                                ; ---------------------------------------------
				------------------------------ 
                                 
 0152                           loc_10153:                              ; CODE 
				XREF: start+14E↑j 
 0152  83 3E 00F2 00                            cmp     word ptr ds:0F2h, 0 
 0157  74 32                                    jz      short loc_1018C 
 0159  A1 0104                                  mov     ax, ds:104h 
 015C  A3 00BC                                  mov     ds:0BCh, ax 
 015F  BA 00EC                                  mov     dx, 0ECh 
 0162  B4 1A                                    mov     ah, 1Ah 
 0164  CD 21                                    int     21h             ; DOS -
				 SET DISK TRANSFER AREA ADDRESS 
                                                                        ; DS:DX
				 -> disk transfer buffer 
                                 
 0166                           loc_10167:                              ; CODE 
				XREF: start+18A↓j 
 0166  B4 27                                    mov     ah, 27h ; ''' 
 0168  BA 009B                                  mov     dx, 9Bh 
 016B  B9 0004                                  mov     cx, 4 
 016E  CD 21                                    int     21h             ; DOS -
				 RANDOM BLOCK READ 
                                                                        ; DS:DX
				 -> FCB 
Microsoft (R) Macro Assembler  Version 4.00                 11/28/25 13:43:40
                                                            Page     1-7
                                                            

                                                                        ; CX = 
				number of records to be read 
 0170  0A C0                                    or      al, al 
 0172  74 03                                    jz      short loc_10178 
 0174  E9 004A R                                jmp     loc_1004B 
                                ; ---------------------------------------------
				------------------------------ 
                                 
 0177                           loc_10178:                              ; CODE 
				XREF: start+173↑j 
 0177  8B 3E 00EC                               mov     di, ds:0ECh 
 017B  A1 00EE                                  mov     ax, ds:0EEh 
 017E  03 C3                                    add     ax, bx 
 0180  8E C0                                    mov     es, ax 
                                                assume es:nothing 
 0182  26: 01 2D                                add     es:[di], bp 
 0185  FF 0E 00F2                               dec     word ptr ds:0F2h 
 0189  75 DB                                    jnz     short loc_10167 
                                 
 018B                           loc_1018C:                              ; CODE 
				XREF: start+158↑j 
 018B  B4 16                                    mov     ah, 16h 
 018D  BA 00C0                                  mov     dx, 0C0h 
 0190  CD 21                                    int     21h             ; DOS -
				 CREATE A DISK FILE 
                                                                        ; DS:DX
				 -> FCB 
 0192  0A C0                                    or      al, al 
 0194  75 2C                                    jnz     short loc_101C4 
 0196  1E                                       push    ds 
 0197  8E DB                                    mov     ds, bx 
 0199  33 D2                                    xor     dx, dx 
 019B  B4 1A                                    mov     ah, 1Ah 
 019D  CD 21                                    int     21h             ; DOS -
				 SET DISK TRANSFER AREA ADDRESS 
                                                                        ; DS:DX
				 -> disk transfer buffer 
 019F  1F                                       pop     ds 
 01A0  C7 06 00CE 0001                          mov     word ptr ds:0CEh, 1 
 01A6  8B 0E 00F0                               mov     cx, ds:0F0h 
 01AA  BA 00C0                                  mov     dx, 0C0h 
 01AD  B4 28                                    mov     ah, 28h 
 01AF  CD 21                                    int     21h             ; DOS -
				 RANDOM BLOCK WRITE 
                                                                        ; DS:DX
				 -> FCB 
                                                                        ; CX = 
				number of records to be written 
                                                                        ; if ze
				ro, truncate file to current random file positi
				on 
 01B1  0A C0                                    or      al, al 
 01B3  75 07                                    jnz     short loc_101BE 
 01B5  B4 10                                    mov     ah, 10h 
Microsoft (R) Macro Assembler  Version 4.00                 11/28/25 13:43:40
                                                            Page     1-8
                                                            

 01B7  BA 00C0                                  mov     dx, 0C0h 
 01BA  CD 21                                    int     21h             ; DOS -
				 CLOSE DISK FILE 
                                                                        ; DS:DX
				 -> FCB 
                                                                        ; Retur
				n: AL = 00h directory update successful 
                                                                        ; FFh f
				ile not found in directory 
                                                retf 
exe2bin.asm(294) : error 10: Syntax error 
                                ; ---------------------------------------------
				------------------------------ 
                                 
 01BC                           loc_101BE:                              ; CODE 
				XREF: start+1B4↑j 
 01BC  BA 0041                                  mov     dx, 41h ; 'A' 
 01BF  E9 0041 R                                jmp     loc_10041 
                                ; ---------------------------------------------
				------------------------------ 
                                 
 01C2                           loc_101C4:                              ; CODE 
				XREF: start+195↑j 
 01C2  BA 002D                                  mov     dx, 2Dh ; '-' 
 01C5  E9 0041 R                                jmp     loc_10041 
                                start           endp ; sp-analysis failed 
                                 
 01C8                           seg000          ends 
                                 
                                ; =============================================
				============================== 
                                 
                                ; Segment type: Regular 
 0000                           seg001          segment byte public 'UNK' 
                                                assume cs:seg001 
                                                ;org 0Ah 
                                                assume es:nothing, ss:nothing, 
				ds:nothing 
 0000  46 69 6C 65 20 6E 6F     aFileNotFoundIn db 'File not found$Insufficient
				 memory$File creation error$Insufficie' 
       74 20 66 6F 75 6E 64     
       24 49 6E 73 75 66 66     
       69 63 69 65 6E 74 20     
       6D 65 6D 6F 72 79 24     
       46 69 6C 65 20 63 72     
       65 61 74 69 6F 6E 20     
       65 72 72 6F 72 24 49     
       6E 73 75 66 66 69 63     
       69 65                    
 0041  6E 74 20 64 69 73 6B                     db 'nt disk space$Fix-ups neede
				d - base segment (hex): $',0Dh,0Ah 
       20 73 70 61 63 65 24     
       46 69 78 2D 75 70 73     
       20 6E 65 65 64 65 64     
Microsoft (R) Macro Assembler  Version 4.00                 11/28/25 13:43:40
                                                            Page     1-9
                                                            

       20 2D 20 62 61 73 65     
       20 73 65 67 6D 65 6E     
       74 20 28 68 65 78 29     
       3A 20 24 0D 0A           
 0077  24 46 69 6C 65 20 63                     db '$File cannot be converted$'
				,0 
       61 6E 6E 6F 74 20 62     
       65 20 63 6F 6E 76 65     
       72 74 65 64 24 00        
 0092  20 20 20 20 20 20 20     aExe            db '        EXE',0 
       20 45 58 45 00           
 009E  00                                       db    0 
 009F  00                                       db    0 
 00A0  00                                       db    0 
 00A1  00                                       db    0 
 00A2  00                                       db    0 
 00A3  00                                       db    0 
 00A4  00                                       db    0 
 00A5  00                                       db    0 
 00A6  00                                       db    0 
 00A7  00                                       db    0 
 00A8  00                                       db    0 
 00A9  00                                       db    0 
 00AA  00                                       db    0 
 00AB  00                                       db    0 
 00AC  00                                       db    0 
 00AD  00                                       db    0 
 00AE  00                                       db    0 
 00AF  00                                       db    0 
 00B0  00                                       db    0 
 00B1  00                                       db    0 
 00B2  00                                       db    0 
 00B3  00                                       db    0 
 00B4  00                                       db    0 
 00B5  00                                       db    0 
 00B6  00                                       db    0 
 00B7  20                                       db  20h 
 00B8  20                                       db  20h 
 00B9  20                                       db  20h 
 00BA  20                                       db  20h 
 00BB  20                                       db  20h 
 00BC  20                                       db  20h 
 00BD  20                                       db  20h 
 00BE  20                                       db  20h 
 00BF  42                                       db  42h ; B 
 00C0  49                                       db  49h ; I 
 00C1  4E                                       db  4Eh ; N 
 00C2  00                                       db    0 
 00C3  00                                       db    0 
 00C4  00                                       db    0 
 00C5  00                                       db    0 
 00C6  00                                       db    0 
 00C7  00                                       db    0 
 00C8  00                                       db    0 
Microsoft (R) Macro Assembler  Version 4.00                 11/28/25 13:43:40
                                                            Page     1-10
                                                            

 00C9  00                                       db    0 
 00CA  00                                       db    0 
 00CB  00                                       db    0 
 00CC  00                                       db    0 
 00CD  00                                       db    0 
 00CE  00                                       db    0 
 00CF  00                                       db    0 
 00D0  00                                       db    0 
 00D1  00                                       db    0 
 00D2  00                                       db    0 
 00D3  00                                       db    0 
 00D4  00                                       db    0 
 00D5  00                                       db    0 
 00D6  00                                       db    0 
 00D7  00                                       db    0 
 00D8  00                                       db    0 
 00D9  00                                       db    0 
 00DA  00                                       db    0 
 00DB  05                                       db    5 
 00DC  00                                       db    0 
 00DD  00                                       db    0 
 00DE  00                                       db    0 
 00DF  00                                       db    0 
 00E0  00                                       db    0 
 00E1  00                                       db    0 
 00E2  00                                       db    0 
 00E3  00                                       db    0 
 00E4  00                                       db    0 
 00E5  00                                       db    0 
 00E6  00                                       db    0 
 00E7  00                                       db    0 
 00E8  00                                       db    0 
 00E9  00                                       db    0 
 00EA  00                                       db    0 
 00EB  00                                       db    0 
 00EC  00                                       db    0 
 00ED  00                                       db    0 
 00EE  00                                       db    0 
 00EF  00                                       db    0 
 00F0  00                                       db    0 
 00F1  00                                       db    0 
 00F2  00                                       db    0 
 00F3  00                                       db    0 
 00F4  00                                       db    0 
 00F5  00                                       db    0 
 00F6  00                                       db    0 
 00F7  00                                       db    0 
 00F8  00                                       db    0 
 00F9  00                                       db    0 
 00FA  00                                       db    0 
 00FB  00                                       db    0 
 00FC  00                                       db    0 
 00FD  00                                       db    0 
 00FE  00                                       db    0 
Microsoft (R) Macro Assembler  Version 4.00                 11/28/25 13:43:40
                                                            Page     1-11
                                                            

 00FF  00                                       db    0 
 0100  00                                       db    0 
 0101  00                                       db    0 
 0102  ??                                       db    ? ; 
 0103  ??                                       db    ? ; 
 0104  ??                                       db    ? ; 
 0105  ??                                       db    ? ; 
 0106                           seg001          ends 
                                 
                                ; =============================================
				============================== 
                                 
                                ; Segment type: Uninitialized 
 0000                           seg002          segment byte stack 'STACK' 
                                                assume cs:seg002 
                                                assume es:nothing, ss:nothing, 
				ds:nothing 
 0000  0080[                                    db 80h dup(?) 
            ??                  
                         ]      
                                
 0080                           seg002          ends 
                                 
                                ; =============================================
				============================== 
                                 
                                ; Segment type: Zero-length 
 0000                           seg003          segment byte public '' 
exe2bin.asm(438) : error 24: Segment parameters are changed 
 0000                           seg003          ends 
                                 
                                 
                                                end start 
Microsoft (R) Macro Assembler  Version 4.00                 11/28/25 13:43:40
                                                            Symbols-1
                                                             

Segments and Groups:

                N a m e         	Size	Align	Combine Class

SEG000 . . . . . . . . . . . . .  	01C8	BYTE	PUBLIC	'CODE'
SEG001 . . . . . . . . . . . . .  	0106	BYTE	PUBLIC	'UNK'
SEG002 . . . . . . . . . . . . .  	0080	BYTE	STACK	'STACK'
SEG003 . . . . . . . . . . . . .  	0000	BYTE	PUBLIC	'SEG003'

Symbols:            

                N a m e         	Type	Value	Attr         

AEXE . . . . . . . . . . . . . .  	L BYTE 	0092	SEG001
AFILENOTFOUNDIN  . . . . . . . .  	L BYTE 	0000	SEG001

LOC_10041  . . . . . . . . . . .  	L NEAR	0041	SEG000
LOC_10046  . . . . . . . . . . .  	L NEAR	0045	SEG000
LOC_1004B  . . . . . . . . . . .  	L NEAR	004A	SEG000
LOC_1004E  . . . . . . . . . . .  	L NEAR	004D	SEG000
LOC_10050  . . . . . . . . . . .  	L NEAR	004F	SEG000
LOC_100AA  . . . . . . . . . . .  	L NEAR	00A9	SEG000
LOC_100CA  . . . . . . . . . . .  	L NEAR	00C9	SEG000
LOC_100E7  . . . . . . . . . . .  	L NEAR	00E6	SEG000
LOC_100F0  . . . . . . . . . . .  	L NEAR	00EF	SEG000
LOC_1010E  . . . . . . . . . . .  	L NEAR	010D	SEG000
LOC_10123  . . . . . . . . . . .  	L NEAR	0122	SEG000
LOC_1012F  . . . . . . . . . . .  	L NEAR	012E	SEG000
LOC_10135  . . . . . . . . . . .  	L NEAR	0134	SEG000
LOC_10153  . . . . . . . . . . .  	L NEAR	0152	SEG000
LOC_10167  . . . . . . . . . . .  	L NEAR	0166	SEG000
LOC_10178  . . . . . . . . . . .  	L NEAR	0177	SEG000
LOC_1018C  . . . . . . . . . . .  	L NEAR	018B	SEG000
LOC_101BE  . . . . . . . . . . .  	L NEAR	01BC	SEG000
LOC_101C4  . . . . . . . . . . .  	L NEAR	01C2	SEG000

START  . . . . . . . . . . . . .  	F PROC	0000	SEG000	Global	Length = 01C8


    442 Source  Lines
    442 Total   Lines
     50 Symbols

  49290 Bytes symbol space free

      0 Warning Errors
      5 Severe  Errors
